=== Scraper v3 ===
Found 100 unique chapters (1 → 100)
Thumbnail: 88 images from Ch #1

--- Batch 1/10 (ch #1–#10) ---
[1/100] Ch #1 (1chapter-1)...
  → 88 images
[2/100] Ch #2 (2chapter-2)...
  → 71 images
[3/100] Ch #3 (3chapter-3)...
  → 78 images
[4/100] Ch #4 (4chapter-4)...
  → 72 images
[5/100] Ch #5 (5chapter-5)...
  → 60 images
[6/100] Ch #6 (6chapter-6)...
  → 35 images
[7/100] Ch #7 (7chapter-7)...
  → 12 images
[8/100] Ch #8 (8chapter-8)...
  → 54 images
[9/100] Ch #9 (9chapter-9)...
  → 48 images
[10/100] Ch #10 (10chapter-10)...
  → 40 images

--- Batch 2/10 (ch #11–#20) ---
[11/100] Ch #11 (11chapter-11)...
  → 42 images
[12/100] Ch #12 (12chapter-12)...
  → 35 images
[13/100] Ch #13 (13chapter-13)...
  → 56 images
[14/100] Ch #14 (14chapter-14)...
  → 56 images
[15/100] Ch #15 (15chapter-15)...
  → 20 images
[16/100] Ch #16 (16chapter-16)...
  → 46 images
[17/100] Ch #17 (17chapter-17)...
  → 12 images
[18/100] Ch #18 (18chapter-18)...
  → 49 images
[19/100] Ch #19 (19chapter-19)...
  → 48 images
[20/100] Ch #20 (20chapter-20)...
  → 49 images

--- Batch 3/10 (ch #21–#30) ---
[21/100] Ch #21 (21chapter-21)...
  → 51 images
[22/100] Ch #22 (22chapter-22)...
  → 62 images
[23/100] Ch #23 (23chapter-24)...
  → 48 images
[24/100] Ch #24 (24chapter-25)...
  → 51 images
[25/100] Ch #25 (25chapter-26)...
  → 47 images
[26/100] Ch #26 (26chapter-27)...
  → 45 images
[27/100] Ch #27 (27chapter-29)...
  → 46 images
[28/100] Ch #28 (28chapter-30)...
  ERROR: page.evaluate: Target page, context or browser has been closed
[29/100] Ch #29 (29chapter-31)...
  ERROR: page.goto: Target page, context or browser has been closed
[30/100] Ch #30 (30chapter-32)...
  ERROR: page.goto: Target page, context or browser has been closed

--- Batch 4/10 (ch #31–#40) ---
